[0224/202820.404:ERROR:process_memory_win.cc(73)] ReadMemory at 0x7ff6eca90000 of 64 bytes failed: Only part of a ReadProcessMemory or WriteProcessMemory request was completed. (0x12B)
[0224/202821.015:WARNING:pe_image_reader.cc(340)] could not read dos header from C:\Program Files (x86)\Google\Chrome\Application\chrome.exe
[0224/202821.015:ERROR:process_memory_win.cc(73)] ReadMemory at 0x7ffba8ce0000 of 64 bytes failed: Only part of a ReadProcessMemory or WriteProcessMemory request was completed. (0x12B)
[0224/202821.015:WARNING:pe_image_reader.cc(340)] could not read dos header from C:\WINDOWS\SYSTEM32\ntdll.dll
[0224/202821.015:ERROR:process_memory_win.cc(73)] ReadMemory at 0x7ffba6da0000 of 64 bytes failed: Only part of a ReadProcessMemory or WriteProcessMemory request was completed. (0x12B)
[0224/202821.057:WARNING:pe_image_reader.cc(340)] could not read dos header from C:\WINDOWS\System32\KERNEL32.DLL
[0224/202821.057:ERROR:process_memory_win.cc(73)] ReadMemory at 0x7ffba6540000 of 64 bytes failed: Only part of a ReadProcessMemory or WriteProcessMemory request was completed. (0x12B)
[0224/202821.057:WARNING:pe_image_reader.cc(340)] could not read dos header from C:\WINDOWS\System32\KERNELBASE.dll
[0224/202821.057:ERROR:process_memory_win.cc(73)] ReadMemory at 0x7ffb7c8e0000 of 64 bytes failed: Only part of a ReadProcessMemory or WriteProcessMemory request was completed. (0x12B)
[0224/202821.057:WARNING:pe_image_reader.cc(340)] could not read dos header from C:\Program Files (x86)\Google\Chrome\Application\80.0.3987.116\chrome_elf.dll
[0224/202821.057:ERROR:process_memory_win.cc(73)] ReadMemory at 0x7ffb9dc10000 of 64 bytes failed: Only part of a ReadProcessMemory or WriteProcessMemory request was completed. (0x12B)
[0224/202821.057:WARNING:pe_image_reader.cc(340)] could not read dos header from C:\WINDOWS\SYSTEM32\VERSION.dll
[0224/202821.057:ERROR:process_memory_win.cc(73)] ReadMemory at 0x7ffba76a0000 of 64 bytes failed: Only part of a ReadProcessMemory or WriteProcessMemory request was completed. (0x12B)
[0224/202821.057:WARNING:pe_image_reader.cc(340)] could not read dos header from C:\WINDOWS\System32\msvcrt.dll
[0224/202821.057:ERROR:process_memory_win.cc(73)] ReadMemory at 0x7ffba6c60000 of 64 bytes failed: Only part of a ReadProcessMemory or WriteProcessMemory request was completed. (0x12B)
[0224/202821.057:WARNING:pe_image_reader.cc(340)] could not read dos header from C:\WINDOWS\System32\bcryptPrimitives.dll
[0224/202821.057:ERROR:process_memory_win.cc(73)] ReadMemory at 0x7ffba7950000 of 64 bytes failed: Only part of a ReadProcessMemory or WriteProcessMemory request was completed. (0x12B)
[0224/202821.057:WARNING:pe_image_reader.cc(340)] could not read dos header from C:\WINDOWS\System32\ADVAPI32.dll
[0224/202821.057:ERROR:process_memory_win.cc(73)] ReadMemory at 0x7ffba7e30000 of 64 bytes failed: Only part of a ReadProcessMemory or WriteProcessMemory request was completed. (0x12B)
[0224/202821.057:WARNING:pe_image_reader.cc(340)] could not read dos header from C:\WINDOWS\System32\sechost.dll
[0224/202821.057:ERROR:process_memory_win.cc(73)] ReadMemory at 0x7ffba6e90000 of 64 bytes failed: Only part of a ReadProcessMemory or WriteProcessMemory request was completed. (0x12B)
[0224/202821.057:WARNING:pe_image_reader.cc(340)] could not read dos header from C:\WINDOWS\System32\RPCRT4.dll
[0224/202821.057:ERROR:process_memory_win.cc(73)] ReadMemory at 0x7ffb3e3d0000 of 64 bytes failed: Only part of a ReadProcessMemory or WriteProcessMemory request was completed. (0x12B)
[0224/202821.057:WARNING:pe_image_reader.cc(340)] could not read dos header from C:\Program Files (x86)\Google\Chrome\Application\80.0.3987.116\chrome.dll
[0224/202821.057:ERROR:process_memory_win.cc(73)] ReadMemory at 0x7ffba8500000 of 64 bytes failed: Only part of a ReadProcessMemory or WriteProcessMemory request was completed. (0x12B)
[0224/202821.057:WARNING:pe_image_reader.cc(340)] could not read dos header from C:\WINDOWS\System32\WS2_32.dll
[0224/202821.057:ERROR:process_memory_win.cc(73)] ReadMemory at 0x7ffba85e0000 of 64 bytes failed: Only part of a ReadProcessMemory or WriteProcessMemory request was completed. (0x12B)
[0224/202821.057:WARNING:pe_image_reader.cc(340)] could not read dos header from C:\WINDOWS\System32\OLEAUT32.dll
[0224/202821.057:ERROR:process_memory_win.cc(73)] ReadMemory at 0x7ffba6990000 of 64 bytes failed: Only part of a ReadProcessMemory or WriteProcessMemory request was completed. (0x12B)
[0224/202821.057:WARNING:pe_image_reader.cc(340)] could not read dos header from C:\WINDOWS\System32\msvcp_win.dll
[0224/202821.057:ERROR:process_memory_win.cc(73)] ReadMemory at 0x7ffba5cc0000 of 64 bytes failed: Only part of a ReadProcessMemory or WriteProcessMemory request was completed. (0x12B)
[0224/202821.057:WARNING:pe_image_reader.cc(340)] could not read dos header from C:\WINDOWS\System32\ucrtbase.dll
[0224/202821.057:ERROR:process_memory_win.cc(73)] ReadMemory at 0x7ffba7f80000 of 64 bytes failed: Only part of a ReadProcessMemory or WriteProcessMemory request was completed. (0x12B)
[0224/202821.057:WARNING:pe_image_reader.cc(340)] could not read dos header from C:\WINDOWS\System32\combase.dll
[0224/202821.057:ERROR:process_memory_win.cc(73)] ReadMemory at 0x7ffba6a30000 of 64 bytes failed: Only part of a ReadProcessMemory or WriteProcessMemory request was completed. (0x12B)
[0224/202821.057:WARNING:pe_image_reader.cc(340)] could not read dos header from C:\WINDOWS\System32\WINTRUST.dll
[0224/202821.057:ERROR:process_memory_win.cc(73)] ReadMemory at 0x7ffba5c30000 of 64 bytes failed: Only part of a ReadProcessMemory or WriteProcessMemory request was completed. (0x12B)
[0224/202821.057:WARNING:pe_image_reader.cc(340)] could not read dos header from C:\WINDOWS\System32\MSASN1.dll
[0224/202821.057:ERROR:process_memory_win.cc(73)] ReadMemory at 0x7ffba67f0000 of 64 bytes failed: Only part of a ReadProcessMemory or WriteProcessMemory request was completed. (0x12B)
[0224/202821.057:WARNING:pe_image_reader.cc(340)] could not read dos header from C:\WINDOWS\System32\CRYPT32.dll
[0224/202821.057:ERROR:process_memory_win.cc(73)] ReadMemory at 0x7ffba50d0000 of 64 bytes failed: Only part of a ReadProcessMemory or WriteProcessMemory request was completed. (0x12B)
[0224/202821.057:WARNING:pe_image_reader.cc(340)] could not read dos header from C:\WINDOWS\SYSTEM32\IPHLPAPI.DLL
[0224/202821.057:ERROR:process_memory_win.cc(73)] ReadMemory at 0x7ffba3b20000 of 64 bytes failed: Only part of a ReadProcessMemory or WriteProcessMemory request was completed. (0x12B)
[0224/202821.057:WARNING:pe_image_reader.cc(340)] could not read dos header from C:\WINDOWS\SYSTEM32\WINMM.dll
[0224/202821.057:ERROR:process_memory_win.cc(73)] ReadMemory at 0x7ffb8f8d0000 of 64 bytes failed: Only part of a ReadProcessMemory or WriteProcessMemory request was completed. (0x12B)
[0224/202821.057:WARNING:pe_image_reader.cc(340)] could not read dos header from C:\WINDOWS\SYSTEM32\Secur32.dll
[0224/202821.057:ERROR:process_memory_win.cc(73)] ReadMemory at 0x7ffba5ad0000 of 64 bytes failed: Only part of a ReadProcessMemory or WriteProcessMemory request was completed. (0x12B)
[0224/202821.057:WARNING:pe_image_reader.cc(340)] could not read dos header from C:\WINDOWS\SYSTEM32\USERENV.dll
[0224/202821.057:ERROR:process_memory_win.cc(73)] ReadMemory at 0x7ffba5c50000 of 64 bytes failed: Only part of a ReadProcessMemory or WriteProcessMemory request was completed. (0x12B)
[0224/202821.057:WARNING:pe_image_reader.cc(340)] could not read dos header from C:\WINDOWS\System32\profapi.dll
[0224/202821.058:ERROR:process_memory_win.cc(73)] ReadMemory at 0x7ffb81040000 of 64 bytes failed: Only part of a ReadProcessMemory or WriteProcessMemory request was completed. (0x12B)
[0224/202821.058:WARNING:pe_image_reader.cc(340)] could not read dos header from C:\WINDOWS\SYSTEM32\UIAutomationCore.DLL
[0224/202821.058:ERROR:process_memory_win.cc(73)] ReadMemory at 0x7ffb97ca0000 of 64 bytes failed: Only part of a ReadProcessMemory or WriteProcessMemory request was completed. (0x12B)
[0224/202821.058:WARNING:pe_image_reader.cc(340)] could not read dos header from C:\WINDOWS\SYSTEM32\DWrite.dll
[0224/202821.058:ERROR:process_memory_win.cc(73)] ReadMemory at 0x7ffb801d0000 of 64 bytes failed: Only part of a ReadProcessMemory or WriteProcessMemory request was completed. (0x12B)
[0224/202821.058:WARNING:pe_image_reader.cc(340)] could not read dos header from C:\WINDOWS\SYSTEM32\WINSPOOL.DRV
[0224/202821.058:ERROR:process_memory_win.cc(73)] ReadMemory at 0x7ffba5c10000 of 64 bytes failed: Only part of a ReadProcessMemory or WriteProcessMemory request was completed. (0x12B)
[0224/202821.058:WARNING:pe_image_reader.cc(340)] could not read dos header from C:\WINDOWS\System32\kernel.appcore.dll
[0224/202821.058:ERROR:process_memory_win.cc(73)] ReadMemory at 0x7ffba5c70000 of 64 bytes failed: Only part of a ReadProcessMemory or WriteProcessMemory request was completed. (0x12B)
[0224/202821.058:WARNING:pe_image_reader.cc(340)] could not read dos header from C:\WINDOWS\System32\bcrypt.dll
[0224/202821.058:ERROR:process_memory_win.cc(73)] ReadMemory at 0x7ffb86c60000 of 64 bytes failed: Only part of a ReadProcessMemory or WriteProcessMemory request was completed. (0x12B)
[0224/202821.058:WARNING:pe_image_reader.cc(340)] could not read dos header from C:\WINDOWS\SYSTEM32\dbghelp.dll
[0224/202821.058:ERROR:process_memory_win.cc(73)] ReadMemory at 0x7ffb9fbe0000 of 64 bytes failed: Only part of a ReadProcessMemory or WriteProcessMemory request was completed. (0x12B)
[0224/202821.058:WARNING:pe_image_reader.cc(340)] could not read dos header from C:\WINDOWS\SYSTEM32\WINHTTP.dll
[0224/202821.058:ERROR:process_memory_win.cc(73)] ReadMemory at 0x7ffb9ed90000 of 64 bytes failed: Only part of a ReadProcessMemory or WriteProcessMemory request was completed. (0x12B)
[0224/202821.058:WARNING:pe_image_reader.cc(340)] could not read dos header from C:\WINDOWS\SYSTEM32\dhcpcsvc.DLL
[0224/202821.058:ERROR:process_memory_win.cc(73)] ReadMemory at 0x7ffba85d0000 of 64 bytes failed: Only part of a ReadProcessMemory or WriteProcessMemory request was completed. (0x12B)
[0224/202821.058:WARNING:pe_image_reader.cc(340)] could not read dos header from C:\WINDOWS\System32\NSI.dll
[0224/202821.058:ERROR:process_memory_win.cc(73)] ReadMemory at 0x7ffba3af0000 of 64 bytes failed: Only part of a ReadProcessMemory or WriteProcessMemory request was completed. (0x12B)
[0224/202821.058:WARNING:pe_image_reader.cc(340)] could not read dos header from C:\WINDOWS\SYSTEM32\WINMMBASE.dll
[0224/202821.058:ERROR:process_memory_win.cc(73)] ReadMemory at 0x7ffba6940000 of 64 bytes failed: Only part of a ReadProcessMemory or WriteProcessMemory request was completed. (0x12B)
[0224/202821.058:WARNING:pe_image_reader.cc(340)] could not read dos header from C:\WINDOWS\System32\cfgmgr32.dll
[0224/202821.058:ERROR:process_memory_win.cc(73)] ReadMemory at 0x7ffba2590000 of 64 bytes failed: Only part of a ReadProcessMemory or WriteProcessMemory request was completed. (0x12B)
[0224/202821.058:WARNING:pe_image_reader.cc(340)] could not read dos header from C:\WINDOWS\SYSTEM32\PROPSYS.dll
[0224/202821.058:ERROR:process_memory_win.cc(73)] ReadMemory at 0x7ffba7ed0000 of 64 bytes failed: Only part of a ReadProcessMemory or WriteProcessMemory request was completed. (0x12B)
[0224/202821.058:WARNING:pe_image_reader.cc(340)] could not read dos header from C:\WINDOWS\System32\shcore.dll
[0224/202821.058:ERROR:process_memory_win.cc(73)] ReadMemory at 0x7ffba5aa0000 of 64 bytes failed: Only part of a ReadProcessMemory or WriteProcessMemory request was completed. (0x12B)
[0224/202821.058:WARNING:pe_image_reader.cc(340)] could not read dos header from C:\WINDOWS\SYSTEM32\SSPICLI.DLL
[0224/202821.058:ERROR:process_memory_win.cc(73)] ReadMemory at 0x7ffba5590000 of 64 bytes failed: Only part of a ReadProcessMemory or WriteProcessMemory request was completed. (0x12B)
[0224/202821.058:WARNING:pe_image_reader.cc(340)] could not read dos header from C:\WINDOWS\SYSTEM32\CRYPTBASE.DLL
[0224/202821.058:ERROR:process_memory_win.cc(73)] ReadMemory at 0x7ff6eca90000 of 64 bytes failed: Only part of a ReadProcessMemory or WriteProcessMemory request was completed. (0x12B)
[0224/202821.058:WARNING:pe_image_reader.cc(340)] could not read dos header from C:\Program Files (x86)\Google\Chrome\Application\chrome.exe
[0224/202821.058:ERROR:process_memory_win.cc(73)] ReadMemory at 0x7ffba8ce0000 of 64 bytes failed: Only part of a ReadProcessMemory or WriteProcessMemory request was completed. (0x12B)
[0224/202821.058:WARNING:pe_image_reader.cc(340)] could not read dos header from C:\WINDOWS\SYSTEM32\ntdll.dll
[0224/202821.058:ERROR:process_memory_win.cc(73)] ReadMemory at 0x7ffba6da0000 of 64 bytes failed: Only part of a ReadProcessMemory or WriteProcessMemory request was completed. (0x12B)
[0224/202821.058:WARNING:pe_image_reader.cc(340)] could not read dos header from C:\WINDOWS\System32\KERNEL32.DLL
[0224/202821.058:ERROR:process_memory_win.cc(73)] ReadMemory at 0x7ffba6540000 of 64 bytes failed: Only part of a ReadProcessMemory or WriteProcessMemory request was completed. (0x12B)
[0224/202821.058:WARNING:pe_image_reader.cc(340)] could not read dos header from C:\WINDOWS\System32\KERNELBASE.dll
[0224/202821.058:ERROR:process_memory_win.cc(73)] ReadMemory at 0x7ffb7c8e0000 of 64 bytes failed: Only part of a ReadProcessMemory or WriteProcessMemory request was completed. (0x12B)
[0224/202821.058:WARNING:pe_image_reader.cc(340)] could not read dos header from C:\Program Files (x86)\Google\Chrome\Application\80.0.3987.116\chrome_elf.dll
[0224/202821.059:ERROR:process_memory_win.cc(73)] ReadMemory at 0x7ffb9dc10000 of 64 bytes failed: Only part of a ReadProcessMemory or WriteProcessMemory request was completed. (0x12B)
[0224/202821.059:WARNING:pe_image_reader.cc(340)] could not read dos header from C:\WINDOWS\SYSTEM32\VERSION.dll
[0224/202821.059:ERROR:process_memory_win.cc(73)] ReadMemory at 0x7ffba76a0000 of 64 bytes failed: Only part of a ReadProcessMemory or WriteProcessMemory request was completed. (0x12B)
[0224/202821.059:WARNING:pe_image_reader.cc(340)] could not read dos header from C:\WINDOWS\System32\msvcrt.dll
[0224/202821.059:ERROR:process_memory_win.cc(73)] ReadMemory at 0x7ffba6c60000 of 64 bytes failed: Only part of a ReadProcessMemory or WriteProcessMemory request was completed. (0x12B)
[0224/202821.059:WARNING:pe_image_reader.cc(340)] could not read dos header from C:\WINDOWS\System32\bcryptPrimitives.dll
[0224/202821.059:ERROR:process_memory_win.cc(73)] ReadMemory at 0x7ffba7950000 of 64 bytes failed: Only part of a ReadProcessMemory or WriteProcessMemory request was completed. (0x12B)
[0224/202821.059:WARNING:pe_image_reader.cc(340)] could not read dos header from C:\WINDOWS\System32\ADVAPI32.dll
[0224/202821.059:ERROR:process_memory_win.cc(73)] ReadMemory at 0x7ffba7e30000 of 64 bytes failed: Only part of a ReadProcessMemory or WriteProcessMemory request was completed. (0x12B)
[0224/202821.059:WARNING:pe_image_reader.cc(340)] could not read dos header from C:\WINDOWS\System32\sechost.dll
[0224/202821.059:ERROR:process_memory_win.cc(73)] ReadMemory at 0x7ffba6e90000 of 64 bytes failed: Only part of a ReadProcessMemory or WriteProcessMemory request was completed. (0x12B)
[0224/202821.059:WARNING:pe_image_reader.cc(340)] could not read dos header from C:\WINDOWS\System32\RPCRT4.dll
[0224/202821.059:ERROR:process_memory_win.cc(73)] ReadMemory at 0x7ffb3e3d0000 of 64 bytes failed: Only part of a ReadProcessMemory or WriteProcessMemory request was completed. (0x12B)
[0224/202821.059:WARNING:pe_image_reader.cc(340)] could not read dos header from C:\Program Files (x86)\Google\Chrome\Application\80.0.3987.116\chrome.dll
[0224/202821.059:ERROR:process_memory_win.cc(73)] ReadMemory at 0x7ffba8500000 of 64 bytes failed: Only part of a ReadProcessMemory or WriteProcessMemory request was completed. (0x12B)
[0224/202821.059:WARNING:pe_image_reader.cc(340)] could not read dos header from C:\WINDOWS\System32\WS2_32.dll
[0224/202821.059:ERROR:process_memory_win.cc(73)] ReadMemory at 0x7ffba85e0000 of 64 bytes failed: Only part of a ReadProcessMemory or WriteProcessMemory request was completed. (0x12B)
[0224/202821.059:WARNING:pe_image_reader.cc(340)] could not read dos header from C:\WINDOWS\System32\OLEAUT32.dll
[0224/202821.059:ERROR:process_memory_win.cc(73)] ReadMemory at 0x7ffba6990000 of 64 bytes failed: Only part of a ReadProcessMemory or WriteProcessMemory request was completed. (0x12B)
[0224/202821.059:WARNING:pe_image_reader.cc(340)] could not read dos header from C:\WINDOWS\System32\msvcp_win.dll
[0224/202821.059:ERROR:process_memory_win.cc(73)] ReadMemory at 0x7ffba5cc0000 of 64 bytes failed: Only part of a ReadProcessMemory or WriteProcessMemory request was completed. (0x12B)
[0224/202821.059:WARNING:pe_image_reader.cc(340)] could not read dos header from C:\WINDOWS\System32\ucrtbase.dll
[0224/202821.059:ERROR:process_memory_win.cc(73)] ReadMemory at 0x7ffba7f80000 of 64 bytes failed: Only part of a ReadProcessMemory or WriteProcessMemory request was completed. (0x12B)
[0224/202821.059:WARNING:pe_image_reader.cc(340)] could not read dos header from C:\WINDOWS\System32\combase.dll
[0224/202821.059:ERROR:process_memory_win.cc(73)] ReadMemory at 0x7ffba6a30000 of 64 bytes failed: Only part of a ReadProcessMemory or WriteProcessMemory request was completed. (0x12B)
[0224/202821.059:WARNING:pe_image_reader.cc(340)] could not read dos header from C:\WINDOWS\System32\WINTRUST.dll
[0224/202821.059:ERROR:process_memory_win.cc(73)] ReadMemory at 0x7ffba5c30000 of 64 bytes failed: Only part of a ReadProcessMemory or WriteProcessMemory request was completed. (0x12B)
[0224/202821.059:WARNING:pe_image_reader.cc(340)] could not read dos header from C:\WINDOWS\System32\MSASN1.dll
[0224/202821.059:ERROR:process_memory_win.cc(73)] ReadMemory at 0x7ffba67f0000 of 64 bytes failed: Only part of a ReadProcessMemory or WriteProcessMemory request was completed. (0x12B)
[0224/202821.059:WARNING:pe_image_reader.cc(340)] could not read dos header from C:\WINDOWS\System32\CRYPT32.dll
[0224/202821.059:ERROR:process_memory_win.cc(73)] ReadMemory at 0x7ffba50d0000 of 64 bytes failed: Only part of a ReadProcessMemory or WriteProcessMemory request was completed. (0x12B)
[0224/202821.059:WARNING:pe_image_reader.cc(340)] could not read dos header from C:\WINDOWS\SYSTEM32\IPHLPAPI.DLL
[0224/202821.059:ERROR:process_memory_win.cc(73)] ReadMemory at 0x7ffba3b20000 of 64 bytes failed: Only part of a ReadProcessMemory or WriteProcessMemory request was completed. (0x12B)
[0224/202821.059:WARNING:pe_image_reader.cc(340)] could not read dos header from C:\WINDOWS\SYSTEM32\WINMM.dll
[0224/202821.059:ERROR:process_memory_win.cc(73)] ReadMemory at 0x7ffb8f8d0000 of 64 bytes failed: Only part of a ReadProcessMemory or WriteProcessMemory request was completed. (0x12B)
[0224/202821.059:WARNING:pe_image_reader.cc(340)] could not read dos header from C:\WINDOWS\SYSTEM32\Secur32.dll
[0224/202821.059:ERROR:process_memory_win.cc(73)] ReadMemory at 0x7ffba5ad0000 of 64 bytes failed: Only part of a ReadProcessMemory or WriteProcessMemory request was completed. (0x12B)
[0224/202821.059:WARNING:pe_image_reader.cc(340)] could not read dos header from C:\WINDOWS\SYSTEM32\USERENV.dll
[0224/202821.059:ERROR:process_memory_win.cc(73)] ReadMemory at 0x7ffba5c50000 of 64 bytes failed: Only part of a ReadProcessMemory or WriteProcessMemory request was completed. (0x12B)
[0224/202821.059:WARNING:pe_image_reader.cc(340)] could not read dos header from C:\WINDOWS\System32\profapi.dll
[0224/202821.060:ERROR:process_memory_win.cc(73)] ReadMemory at 0x7ffb81040000 of 64 bytes failed: Only part of a ReadProcessMemory or WriteProcessMemory request was completed. (0x12B)
[0224/202821.060:WARNING:pe_image_reader.cc(340)] could not read dos header from C:\WINDOWS\SYSTEM32\UIAutomationCore.DLL
[0224/202821.060:ERROR:process_memory_win.cc(73)] ReadMemory at 0x7ffb97ca0000 of 64 bytes failed: Only part of a ReadProcessMemory or WriteProcessMemory request was completed. (0x12B)
[0224/202821.060:WARNING:pe_image_reader.cc(340)] could not read dos header from C:\WINDOWS\SYSTEM32\DWrite.dll
[0224/202821.060:ERROR:process_memory_win.cc(73)] ReadMemory at 0x7ffb801d0000 of 64 bytes failed: Only part of a ReadProcessMemory or WriteProcessMemory request was completed. (0x12B)
[0224/202821.060:WARNING:pe_image_reader.cc(340)] could not read dos header from C:\WINDOWS\SYSTEM32\WINSPOOL.DRV
[0224/202821.060:ERROR:process_memory_win.cc(73)] ReadMemory at 0x7ffba5c10000 of 64 bytes failed: Only part of a ReadProcessMemory or WriteProcessMemory request was completed. (0x12B)
[0224/202821.060:WARNING:pe_image_reader.cc(340)] could not read dos header from C:\WINDOWS\System32\kernel.appcore.dll
[0224/202821.060:ERROR:process_memory_win.cc(73)] ReadMemory at 0x7ffba5c70000 of 64 bytes failed: Only part of a ReadProcessMemory or WriteProcessMemory request was completed. (0x12B)
[0224/202821.060:WARNING:pe_image_reader.cc(340)] could not read dos header from C:\WINDOWS\System32\bcrypt.dll
[0224/202821.060:ERROR:process_memory_win.cc(73)] ReadMemory at 0x7ffb86c60000 of 64 bytes failed: Only part of a ReadProcessMemory or WriteProcessMemory request was completed. (0x12B)
[0224/202821.060:WARNING:pe_image_reader.cc(340)] could not read dos header from C:\WINDOWS\SYSTEM32\dbghelp.dll
[0224/202821.060:ERROR:process_memory_win.cc(73)] ReadMemory at 0x7ffb9fbe0000 of 64 bytes failed: Only part of a ReadProcessMemory or WriteProcessMemory request was completed. (0x12B)
[0224/202821.060:WARNING:pe_image_reader.cc(340)] could not read dos header from C:\WINDOWS\SYSTEM32\WINHTTP.dll
[0224/202821.060:ERROR:process_memory_win.cc(73)] ReadMemory at 0x7ffb9ed90000 of 64 bytes failed: Only part of a ReadProcessMemory or WriteProcessMemory request was completed. (0x12B)
[0224/202821.060:WARNING:pe_image_reader.cc(340)] could not read dos header from C:\WINDOWS\SYSTEM32\dhcpcsvc.DLL
[0224/202821.060:ERROR:process_memory_win.cc(73)] ReadMemory at 0x7ffba85d0000 of 64 bytes failed: Only part of a ReadProcessMemory or WriteProcessMemory request was completed. (0x12B)
[0224/202821.060:WARNING:pe_image_reader.cc(340)] could not read dos header from C:\WINDOWS\System32\NSI.dll
[0224/202821.060:ERROR:process_memory_win.cc(73)] ReadMemory at 0x7ffba3af0000 of 64 bytes failed: Only part of a ReadProcessMemory or WriteProcessMemory request was completed. (0x12B)
[0224/202821.060:WARNING:pe_image_reader.cc(340)] could not read dos header from C:\WINDOWS\SYSTEM32\WINMMBASE.dll
[0224/202821.060:ERROR:process_memory_win.cc(73)] ReadMemory at 0x7ffba6940000 of 64 bytes failed: Only part of a ReadProcessMemory or WriteProcessMemory request was completed. (0x12B)
[0224/202821.060:WARNING:pe_image_reader.cc(340)] could not read dos header from C:\WINDOWS\System32\cfgmgr32.dll
[0224/202821.060:ERROR:process_memory_win.cc(73)] ReadMemory at 0x7ffba2590000 of 64 bytes failed: Only part of a ReadProcessMemory or WriteProcessMemory request was completed. (0x12B)
[0224/202821.060:WARNING:pe_image_reader.cc(340)] could not read dos header from C:\WINDOWS\SYSTEM32\PROPSYS.dll
[0224/202821.060:ERROR:process_memory_win.cc(73)] ReadMemory at 0x7ffba7ed0000 of 64 bytes failed: Only part of a ReadProcessMemory or WriteProcessMemory request was completed. (0x12B)
[0224/202821.060:WARNING:pe_image_reader.cc(340)] could not read dos header from C:\WINDOWS\System32\shcore.dll
[0224/202821.060:ERROR:process_memory_win.cc(73)] ReadMemory at 0x7ffba5aa0000 of 64 bytes failed: Only part of a ReadProcessMemory or WriteProcessMemory request was completed. (0x12B)
[0224/202821.060:WARNING:pe_image_reader.cc(340)] could not read dos header from C:\WINDOWS\SYSTEM32\SSPICLI.DLL
[0224/202821.060:ERROR:process_memory_win.cc(73)] ReadMemory at 0x7ffba5590000 of 64 bytes failed: Only part of a ReadProcessMemory or WriteProcessMemory request was completed. (0x12B)
[0224/202821.060:WARNING:pe_image_reader.cc(340)] could not read dos header from C:\WINDOWS\SYSTEM32\CRYPTBASE.DLL
[0224/202821.077:ERROR:process_memory_win.cc(73)] ReadMemory at 0xe55b7e0000 of 131072 bytes failed: Only part of a ReadProcessMemory or WriteProcessMemory request was completed. (0x12B)
[0224/202821.077:ERROR:process_memory_win.cc(73)] ReadMemory at 0xe55bffd000 of 12288 bytes failed: Only part of a ReadProcessMemory or WriteProcessMemory request was completed. (0x12B)
[0224/202821.078:ERROR:process_memory_win.cc(73)] ReadMemory at 0xe55cffc000 of 16384 bytes failed: Only part of a ReadProcessMemory or WriteProcessMemory request was completed. (0x12B)
[0224/202821.078:ERROR:process_memory_win.cc(73)] ReadMemory at 0xe55d7fc000 of 16384 bytes failed: Only part of a ReadProcessMemory or WriteProcessMemory request was completed. (0x12B)
[0224/202821.078:ERROR:process_memory_win.cc(73)] ReadMemory at 0xe55dffe000 of 8192 bytes failed: Only part of a ReadProcessMemory or WriteProcessMemory request was completed. (0x12B)
[0224/202821.078:ERROR:process_memory_win.cc(73)] ReadMemory at 0xe55e7fd000 of 12288 bytes failed: Only part of a ReadProcessMemory or WriteProcessMemory request was completed. (0x12B)
[0224/202821.078:ERROR:process_memory_win.cc(73)] ReadMemory at 0xe55effb000 of 20480 bytes failed: Only part of a ReadProcessMemory or WriteProcessMemory request was completed. (0x12B)
[0224/202821.078:ERROR:process_memory_win.cc(73)] ReadMemory at 0xe55fffb000 of 20480 bytes failed: Only part of a ReadProcessMemory or WriteProcessMemory request was completed. (0x12B)
[0224/202821.078:ERROR:process_memory_win.cc(73)] ReadMemory at 0xe5607f6000 of 40960 bytes failed: Only part of a ReadProcessMemory or WriteProcessMemory request was completed. (0x12B)
[0224/202821.078:ERROR:process_memory_win.cc(73)] ReadMemory at 0xe560ff5000 of 45056 bytes failed: Only part of a ReadProcessMemory or WriteProcessMemory request was completed. (0x12B)
[0224/202821.078:ERROR:process_memory_win.cc(73)] ReadMemory at 0xe5617fc000 of 16384 bytes failed: Only part of a ReadProcessMemory or WriteProcessMemory request was completed. (0x12B)
[0224/202821.078:ERROR:process_memory_win.cc(73)] ReadMemory at 0xe563ffa000 of 24576 bytes failed: Only part of a ReadProcessMemory or WriteProcessMemory request was completed. (0x12B)
[0224/202821.078:ERROR:process_memory_win.cc(73)] ReadMemory at 0xe55c7fd000 of 12288 bytes failed: Only part of a ReadProcessMemory or WriteProcessMemory request was completed. (0x12B)
[0224/202821.078:ERROR:process_memory_win.cc(73)] ReadMemory at 0xe55f7f8000 of 32768 bytes failed: Only part of a ReadProcessMemory or WriteProcessMemory request was completed. (0x12B)
[0224/202821.078:ERROR:process_memory_win.cc(73)] ReadMemory at 0xe5627fc000 of 16384 bytes failed: Only part of a ReadProcessMemory or WriteProcessMemory request was completed. (0x12B)
[0224/202821.078:ERROR:process_memory_win.cc(73)] ReadMemory at 0xe561ffb000 of 20480 bytes failed: Only part of a ReadProcessMemory or WriteProcessMemory request was completed. (0x12B)
[0224/202821.079:ERROR:process_memory_win.cc(73)] ReadMemory at 0xe55ae6c000 of 852 bytes failed: Only part of a ReadProcessMemory or WriteProcessMemory request was completed. (0x12B)
[0224/202821.079:ERROR:process_memory_win.cc(73)] ReadMemory at 0xe55ae6d000 of 6024 bytes failed: Only part of a ReadProcessMemory or WriteProcessMemory request was completed. (0x12B)
[0224/202821.079:ERROR:process_memory_win.cc(73)] ReadMemory at 0xe55ae6f000 of 6024 bytes failed: Only part of a ReadProcessMemory or WriteProcessMemory request was completed. (0x12B)
[0224/202821.079:ERROR:process_memory_win.cc(73)] ReadMemory at 0xe55ae73000 of 6024 bytes failed: Only part of a ReadProcessMemory or WriteProcessMemory request was completed. (0x12B)
[0224/202821.079:ERROR:process_memory_win.cc(73)] ReadMemory at 0xe55ae75000 of 6024 bytes failed: Only part of a ReadProcessMemory or WriteProcessMemory request was completed. (0x12B)
[0224/202821.079:ERROR:process_memory_win.cc(73)] ReadMemory at 0xe55ae77000 of 6024 bytes failed: Only part of a ReadProcessMemory or WriteProcessMemory request was completed. (0x12B)
[0224/202821.079:ERROR:process_memory_win.cc(73)] ReadMemory at 0xe55ae79000 of 6024 bytes failed: Only part of a ReadProcessMemory or WriteProcessMemory request was completed. (0x12B)
[0224/202821.079:ERROR:process_memory_win.cc(73)] ReadMemory at 0xe55ae7b000 of 6024 bytes failed: Only part of a ReadProcessMemory or WriteProcessMemory request was completed. (0x12B)
[0224/202821.079:ERROR:process_memory_win.cc(73)] ReadMemory at 0xe55ae7f000 of 6024 bytes failed: Only part of a ReadProcessMemory or WriteProcessMemory request was completed. (0x12B)
[0224/202821.079:ERROR:process_memory_win.cc(73)] ReadMemory at 0xe55ae81000 of 6024 bytes failed: Only part of a ReadProcessMemory or WriteProcessMemory request was completed. (0x12B)
[0224/202821.079:ERROR:process_memory_win.cc(73)] ReadMemory at 0xe55ae83000 of 6024 bytes failed: Only part of a ReadProcessMemory or WriteProcessMemory request was completed. (0x12B)
[0224/202821.079:ERROR:process_memory_win.cc(73)] ReadMemory at 0xe55ae85000 of 6024 bytes failed: Only part of a ReadProcessMemory or WriteProcessMemory request was completed. (0x12B)
[0224/202821.079:ERROR:process_memory_win.cc(73)] ReadMemory at 0xe55ae8f000 of 6024 bytes failed: Only part of a ReadProcessMemory or WriteProcessMemory request was completed. (0x12B)
[0224/202821.079:ERROR:process_memory_win.cc(73)] ReadMemory at 0xe55ae93000 of 6024 bytes failed: Only part of a ReadProcessMemory or WriteProcessMemory request was completed. (0x12B)
[0224/202821.080:ERROR:process_memory_win.cc(73)] ReadMemory at 0xe55aea7000 of 6024 bytes failed: Only part of a ReadProcessMemory or WriteProcessMemory request was completed. (0x12B)
[0224/202821.080:ERROR:process_memory_win.cc(73)] ReadMemory at 0xe55aeb7000 of 6024 bytes failed: Only part of a ReadProcessMemory or WriteProcessMemory request was completed. (0x12B)
[0224/202821.080:ERROR:process_memory_win.cc(73)] ReadMemory at 0xe55aebb000 of 6024 bytes failed: Only part of a ReadProcessMemory or WriteProcessMemory request was completed. (0x12B)
[0224/202821.080:ERROR:process_memory_win.cc(73)] ReadMemory at 0x27fddf80750 of 80 bytes failed: Only part of a ReadProcessMemory or WriteProcessMemory request was completed. (0x12B)
[0224/202821.080:ERROR:process_memory_win.cc(73)] ReadMemory at 0x27fddf80fe0 of 15998 bytes failed: Only part of a ReadProcessMemory or WriteProcessMemory request was completed. (0x12B)
[0224/202821.080:ERROR:process_memory_win.cc(73)] ReadMemory at 0x27fddf84e70 of 1012 bytes failed: Only part of a ReadProcessMemory or WriteProcessMemory request was completed. (0x12B)
[0224/202821.080:ERROR:process_memory_win.cc(73)] ReadMemory at 0x27fddf854b8 of 118 bytes failed: Only part of a ReadProcessMemory or WriteProcessMemory request was completed. (0x12B)
[0224/202821.080:ERROR:process_memory_win.cc(73)] ReadMemory at 0x27fddf85530 of 758 bytes failed: Only part of a ReadProcessMemory or WriteProcessMemory request was completed. (0x12B)
[0224/202821.080:ERROR:process_memory_win.cc(73)] ReadMemory at 0x27fddf85828 of 118 bytes failed: Only part of a ReadProcessMemory or WriteProcessMemory request was completed. (0x12B)
[0224/202821.080:ERROR:process_memory_win.cc(73)] ReadMemory at 0x27fddf858a0 of 96 bytes failed: Only part of a ReadProcessMemory or WriteProcessMemory request was completed. (0x12B)
[0224/202821.080:ERROR:process_memory_win.cc(73)] ReadMemory at 0x27fddf85910 of 58 bytes failed: Only part of a ReadProcessMemory or WriteProcessMemory request was completed. (0x12B)
[0224/202821.080:ERROR:process_memory_win.cc(73)] ReadMemory at 0x27fddf85a10 of 132 bytes failed: Only part of a ReadProcessMemory or WriteProcessMemory request was completed. (0x12B)
[0224/202821.080:ERROR:process_memory_win.cc(73)] ReadMemory at 0x27fddf85ba0 of 132 bytes failed: Only part of a ReadProcessMemory or WriteProcessMemory request was completed. (0x12B)
[0224/202821.080:ERROR:process_memory_win.cc(73)] ReadMemory at 0x27fddf85d60 of 126 bytes failed: Only part of a ReadProcessMemory or WriteProcessMemory request was completed. (0x12B)
[0224/202821.080:ERROR:process_memory_win.cc(73)] ReadMemory at 0x27fddf86150 of 132 bytes failed: Only part of a ReadProcessMemory or WriteProcessMemory request was completed. (0x12B)
[0224/202821.080:ERROR:process_memory_win.cc(73)] ReadMemory at 0x27fddf862e0 of 64 bytes failed: Only part of a ReadProcessMemory or WriteProcessMemory request was completed. (0x12B)
[0224/202821.080:ERROR:process_memory_win.cc(73)] ReadMemory at 0x27fddf864a0 of 132 bytes failed: Only part of a ReadProcessMemory or WriteProcessMemory request was completed. (0x12B)
[0224/202821.081:ERROR:process_memory_win.cc(73)] ReadMemory at 0x27fddf86740 of 132 bytes failed: Only part of a ReadProcessMemory or WriteProcessMemory request was completed. (0x12B)
[0224/202821.081:ERROR:process_memory_win.cc(73)] ReadMemory at 0x27fddf868d0 of 68 bytes failed: Only part of a ReadProcessMemory or WriteProcessMemory request was completed. (0x12B)
[0224/202821.081:ERROR:process_memory_win.cc(73)] ReadMemory at 0x27fddf879a0 of 132 bytes failed: Only part of a ReadProcessMemory or WriteProcessMemory request was completed. (0x12B)
[0224/202821.081:ERROR:process_memory_win.cc(73)] ReadMemory at 0x27fddf87b30 of 154 bytes failed: Only part of a ReadProcessMemory or WriteProcessMemory request was completed. (0x12B)
[0224/202821.081:ERROR:process_memory_win.cc(73)] ReadMemory at 0x27fddf88940 of 62 bytes failed: Only part of a ReadProcessMemory or WriteProcessMemory request was completed. (0x12B)
[0224/202821.081:ERROR:process_memory_win.cc(73)] ReadMemory at 0x27fddf88aa0 of 132 bytes failed: Only part of a ReadProcessMemory or WriteProcessMemory request was completed. (0x12B)
[0224/202821.081:ERROR:process_memory_win.cc(73)] ReadMemory at 0x27fddf88c30 of 60 bytes failed: Only part of a ReadProcessMemory or WriteProcessMemory request was completed. (0x12B)
[0224/202821.081:ERROR:process_memory_win.cc(73)] ReadMemory at 0x27fddf898e0 of 132 bytes failed: Only part of a ReadProcessMemory or WriteProcessMemory request was completed. (0x12B)
[0224/202821.081:ERROR:process_memory_win.cc(73)] ReadMemory at 0x27fddf89c40 of 132 bytes failed: Only part of a ReadProcessMemory or WriteProcessMemory request was completed. (0x12B)
[0224/202821.081:ERROR:process_memory_win.cc(73)] ReadMemory at 0x27fddf89e50 of 132 bytes failed: Only part of a ReadProcessMemory or WriteProcessMemory request was completed. (0x12B)
[0224/202821.081:ERROR:process_memory_win.cc(73)] ReadMemory at 0x27fddf8a670 of 132 bytes failed: Only part of a ReadProcessMemory or WriteProcessMemory request was completed. (0x12B)
[0224/202821.081:ERROR:process_memory_win.cc(73)] ReadMemory at 0x27fddf8cee0 of 132 bytes failed: Only part of a ReadProcessMemory or WriteProcessMemory request was completed. (0x12B)
[0224/202821.081:ERROR:process_memory_win.cc(73)] ReadMemory at 0x27fddf8d570 of 64 bytes failed: Only part of a ReadProcessMemory or WriteProcessMemory request was completed. (0x12B)
[0224/202821.081:ERROR:process_memory_win.cc(73)] ReadMemory at 0x27fddf8d7f0 of 60 bytes failed: Only part of a ReadProcessMemory or WriteProcessMemory request was completed. (0x12B)
[0224/202821.081:ERROR:process_memory_win.cc(73)] ReadMemory at 0x27fddf8d8e0 of 64 bytes failed: Only part of a ReadProcessMemory or WriteProcessMemory request was completed. (0x12B)
[0224/202821.081:ERROR:process_memory_win.cc(73)] ReadMemory at 0x27fddf8d980 of 66 bytes failed: Only part of a ReadProcessMemory or WriteProcessMemory request was completed. (0x12B)
[0224/202821.082:ERROR:process_memory_win.cc(73)] ReadMemory at 0x27fddf8d9d0 of 64 bytes failed: Only part of a ReadProcessMemory or WriteProcessMemory request was completed. (0x12B)
[0224/202821.082:ERROR:process_memory_win.cc(73)] ReadMemory at 0x27fddf8da20 of 62 bytes failed: Only part of a ReadProcessMemory or WriteProcessMemory request was completed. (0x12B)
[0224/202821.082:ERROR:process_memory_win.cc(73)] ReadMemory at 0x27fddf8dbb0 of 64 bytes failed: Only part of a ReadProcessMemory or WriteProcessMemory request was completed. (0x12B)
[0224/202821.082:ERROR:process_memory_win.cc(73)] ReadMemory at 0x27fddf8dc00 of 60 bytes failed: Only part of a ReadProcessMemory or WriteProcessMemory request was completed. (0x12B)
[0224/202821.082:ERROR:process_memory_win.cc(73)] ReadMemory at 0x27fddf8dc50 of 62 bytes failed: Only part of a ReadProcessMemory or WriteProcessMemory request was completed. (0x12B)
[0224/202821.082:ERROR:process_memory_win.cc(73)] ReadMemory at 0x27fddf8dd80 of 62 bytes failed: Only part of a ReadProcessMemory or WriteProcessMemory request was completed. (0x12B)
[0224/202821.082:ERROR:process_memory_win.cc(73)] ReadMemory at 0x27fddf8de70 of 62 bytes failed: Only part of a ReadProcessMemory or WriteProcessMemory request was completed. (0x12B)
[0224/202821.082:ERROR:process_memory_win.cc(73)] ReadMemory at 0x27fddf8df60 of 62 bytes failed: Only part of a ReadProcessMemory or WriteProcessMemory request was completed. (0x12B)
[0224/202821.082:ERROR:process_memory_win.cc(73)] ReadMemory at 0x27fddf8e0f0 of 64 bytes failed: Only part of a ReadProcessMemory or WriteProcessMemory request was completed. (0x12B)
[0224/202821.082:ERROR:process_memory_win.cc(73)] ReadMemory at 0x27fddf8e1e0 of 62 bytes failed: Only part of a ReadProcessMemory or WriteProcessMemory request was completed. (0x12B)
[0224/202821.082:ERROR:process_memory_win.cc(73)] ReadMemory at 0x27fddf8e230 of 62 bytes failed: Only part of a ReadProcessMemory or WriteProcessMemory request was completed. (0x12B)
[0224/202821.083:ERROR:process_memory_win.cc(73)] ReadMemory at 0x27fddf8e280 of 64 bytes failed: Only part of a ReadProcessMemory or WriteProcessMemory request was completed. (0x12B)
[0224/202821.083:ERROR:process_memory_win.cc(73)] ReadMemory at 0x27fddf8e320 of 58 bytes failed: Only part of a ReadProcessMemory or WriteProcessMemory request was completed. (0x12B)
[0224/202821.083:ERROR:process_memory_win.cc(73)] ReadMemory at 0x27fddf8e410 of 62 bytes failed: Only part of a ReadProcessMemory or WriteProcessMemory request was completed. (0x12B)
[0224/202821.083:ERROR:process_memory_win.cc(73)] ReadMemory at 0x27fddf8e460 of 60 bytes failed: Only part of a ReadProcessMemory or WriteProcessMemory request was completed. (0x12B)
[0224/202821.083:ERROR:process_memory_win.cc(73)] ReadMemory at 0x27fddf8e4b0 of 64 bytes failed: Only part of a ReadProcessMemory or WriteProcessMemory request was completed. (0x12B)
[0224/202821.083:ERROR:process_memory_win.cc(73)] ReadMemory at 0x27fddf8e500 of 62 bytes failed: Only part of a ReadProcessMemory or WriteProcessMemory request was completed. (0x12B)
[0224/202821.083:ERROR:process_memory_win.cc(73)] ReadMemory at 0x27fddf8e550 of 60 bytes failed: Only part of a ReadProcessMemory or WriteProcessMemory request was completed. (0x12B)
[0224/202821.083:ERROR:process_memory_win.cc(73)] ReadMemory at 0x27fddf8e5a0 of 64 bytes failed: Only part of a ReadProcessMemory or WriteProcessMemory request was completed. (0x12B)
[0224/202821.083:ERROR:process_memory_win.cc(73)] ReadMemory at 0x27fddf8e640 of 60 bytes failed: Only part of a ReadProcessMemory or WriteProcessMemory request was completed. (0x12B)
[0224/202821.083:ERROR:process_memory_win.cc(73)] ReadMemory at 0x27fddf8e960 of 62 bytes failed: Only part of a ReadProcessMemory or WriteProcessMemory request was completed. (0x12B)
[0224/202821.083:ERROR:process_memory_win.cc(73)] ReadMemory at 0x27fddf8ebe0 of 60 bytes failed: Only part of a ReadProcessMemory or WriteProcessMemory request was completed. (0x12B)
[0224/202821.083:ERROR:process_memory_win.cc(73)] ReadMemory at 0x27fddf8ec80 of 66 bytes failed: Only part of a ReadProcessMemory or WriteProcessMemory request was completed. (0x12B)
[0224/202821.083:ERROR:process_memory_win.cc(73)] ReadMemory at 0x27fddf914e0 of 132 bytes failed: Only part of a ReadProcessMemory or WriteProcessMemory request was completed. (0x12B)
[0224/202821.084:ERROR:process_memory_win.cc(73)] ReadMemory at 0x27fddf92280 of 80 bytes failed: Only part of a ReadProcessMemory or WriteProcessMemory request was completed. (0x12B)
[0224/202821.084:ERROR:process_memory_win.cc(73)] ReadMemory at 0x27fddf92340 of 76 bytes failed: Only part of a ReadProcessMemory or WriteProcessMemory request was completed. (0x12B)
[0224/202821.084:ERROR:process_memory_win.cc(73)] ReadMemory at 0x27fddf93ba0 of 132 bytes failed: Only part of a ReadProcessMemory or WriteProcessMemory request was completed. (0x12B)
[0224/202821.084:ERROR:process_memory_win.cc(73)] ReadMemory at 0x27fddf953f0 of 132 bytes failed: Only part of a ReadProcessMemory or WriteProcessMemory request was completed. (0x12B)
[0224/202821.084:ERROR:process_memory_win.cc(73)] ReadMemory at 0x27fddf95520 of 132 bytes failed: Only part of a ReadProcessMemory or WriteProcessMemory request was completed. (0x12B)
[0224/202821.084:ERROR:process_memory_win.cc(73)] ReadMemory at 0x27fddf95650 of 132 bytes failed: Only part of a ReadProcessMemory or WriteProcessMemory request was completed. (0x12B)
[0224/202821.084:ERROR:process_memory_win.cc(73)] ReadMemory at 0x27fddf95780 of 132 bytes failed: Only part of a ReadProcessMemory or WriteProcessMemory request was completed. (0x12B)
[0224/202821.084:ERROR:process_memory_win.cc(73)] ReadMemory at 0x27fddf958b0 of 132 bytes failed: Only part of a ReadProcessMemory or WriteProcessMemory request was completed. (0x12B)
[0224/202821.084:ERROR:process_memory_win.cc(73)] ReadMemory at 0x27fddf959e0 of 132 bytes failed: Only part of a ReadProcessMemory or WriteProcessMemory request was completed. (0x12B)
[0224/202821.084:ERROR:process_memory_win.cc(73)] ReadMemory at 0x27fddf95b10 of 132 bytes failed: Only part of a ReadProcessMemory or WriteProcessMemory request was completed. (0x12B)
[0224/202821.084:ERROR:process_memory_win.cc(73)] ReadMemory at 0x27fddf95d70 of 132 bytes failed: Only part of a ReadProcessMemory or WriteProcessMemory request was completed. (0x12B)
[0224/202821.084:ERROR:process_memory_win.cc(73)] ReadMemory at 0x27fddf95ea0 of 132 bytes failed: Only part of a ReadProcessMemory or WriteProcessMemory request was completed. (0x12B)
[0224/202821.084:ERROR:process_memory_win.cc(73)] ReadMemory at 0x27fddf95fd0 of 132 bytes failed: Only part of a ReadProcessMemory or WriteProcessMemory request was completed. (0x12B)
[0224/202821.084:ERROR:process_memory_win.cc(73)] ReadMemory at 0x27fddf96100 of 132 bytes failed: Only part of a ReadProcessMemory or WriteProcessMemory request was completed. (0x12B)
[0224/202821.084:ERROR:process_memory_win.cc(73)] ReadMemory at 0x27fddf96230 of 132 bytes failed: Only part of a ReadProcessMemory or WriteProcessMemory request was completed. (0x12B)
[0224/202821.084:ERROR:process_memory_win.cc(73)] ReadMemory at 0x27fddf96fa0 of 132 bytes failed: Only part of a ReadProcessMemory or WriteProcessMemory request was completed. (0x12B)
[0224/202821.084:ERROR:process_memory_win.cc(73)] ReadMemory at 0x27fddf97230 of 146 bytes failed: Only part of a ReadProcessMemory or WriteProcessMemory request was completed. (0x12B)
[0224/202821.084:ERROR:process_memory_win.cc(73)] ReadMemory at 0x27fddf997f0 of 54 bytes failed: Only part of a ReadProcessMemory or WriteProcessMemory request was completed. (0x12B)
[0224/202821.084:ERROR:process_memory_win.cc(73)] ReadMemory at 0x27fddf99d30 of 132 bytes failed: Only part of a ReadProcessMemory or WriteProcessMemory request was completed. (0x12B)
[0224/202821.084:ERROR:process_memory_win.cc(73)] ReadMemory at 0x27fddf99e60 of 132 bytes failed: Only part of a ReadProcessMemory or WriteProcessMemory request was completed. (0x12B)
[0224/202821.084:ERROR:process_memory_win.cc(73)] ReadMemory at 0x27fddf99fe0 of 132 bytes failed: Only part of a ReadProcessMemory or WriteProcessMemory request was completed. (0x12B)
[0224/202821.085:ERROR:process_memory_win.cc(73)] ReadMemory at 0x27fddf9a4a0 of 132 bytes failed: Only part of a ReadProcessMemory or WriteProcessMemory request was completed. (0x12B)
[0224/202821.085:ERROR:process_memory_win.cc(73)] ReadMemory at 0x27fddf9a700 of 132 bytes failed: Only part of a ReadProcessMemory or WriteProcessMemory request was completed. (0x12B)
[0224/202821.085:ERROR:process_memory_win.cc(73)] ReadMemory at 0x27fddf9a830 of 132 bytes failed: Only part of a ReadProcessMemory or WriteProcessMemory request was completed. (0x12B)
[0224/202821.085:ERROR:process_memory_win.cc(73)] ReadMemory at 0x27fddf9abc0 of 132 bytes failed: Only part of a ReadProcessMemory or WriteProcessMemory request was completed. (0x12B)
[0224/202821.085:ERROR:process_memory_win.cc(73)] ReadMemory at 0x27fddf9acf0 of 132 bytes failed: Only part of a ReadProcessMemory or WriteProcessMemory request was completed. (0x12B)
[0224/202821.085:ERROR:process_memory_win.cc(73)] ReadMemory at 0x27fddf9b1b0 of 132 bytes failed: Only part of a ReadProcessMemory or WriteProcessMemory request was completed. (0x12B)
[0224/202821.085:ERROR:process_memory_win.cc(73)] ReadMemory at 0x27fddf9b2e0 of 132 bytes failed: Only part of a ReadProcessMemory or WriteProcessMemory request was completed. (0x12B)
[0224/202821.085:ERROR:process_memory_win.cc(73)] ReadMemory at 0x27fddf9ba00 of 132 bytes failed: Only part of a ReadProcessMemory or WriteProcessMemory request was completed. (0x12B)
[0224/202821.085:ERROR:process_memory_win.cc(73)] ReadMemory at 0x27fddf9bc60 of 132 bytes failed: Only part of a ReadProcessMemory or WriteProcessMemory request was completed. (0x12B)
[0224/202821.085:ERROR:process_memory_win.cc(73)] ReadMemory at 0x27fddfb29a0 of 512 bytes failed: Only part of a ReadProcessMemory or WriteProcessMemory request was completed. (0x12B)
[0224/202821.085:ERROR:process_memory_win.cc(73)] ReadMemory at 0x27fddfb3730 of 512 bytes failed: Only part of a ReadProcessMemory or WriteProcessMemory request was completed. (0x12B)
[0224/202821.085:ERROR:process_memory_win.cc(73)] ReadMemory at 0x27fde380010 of 512 bytes failed: Only part of a ReadProcessMemory or WriteProcessMemory request was completed. (0x12B)
[0224/202821.085:ERROR:process_memory_win.cc(73)] ReadMemory at 0x27fde385dd0 of 512 bytes failed: Only part of a ReadProcessMemory or WriteProcessMemory request was completed. (0x12B)
[0224/202821.085:ERROR:process_memory_win.cc(73)] ReadMemory at 0x27fde389220 of 512 bytes failed: Only part of a ReadProcessMemory or WriteProcessMemory request was completed. (0x12B)
[0224/202821.085:ERROR:process_memory_win.cc(73)] ReadMemory at 0x27fde3a3a80 of 512 bytes failed: Only part of a ReadProcessMemory or WriteProcessMemory request was completed. (0x12B)
[0224/202821.085:ERROR:process_memory_win.cc(73)] ReadMemory at 0x27fde3a7c10 of 712 bytes failed: Only part of a ReadProcessMemory or WriteProcessMemory request was completed. (0x12B)
[0224/202821.085:ERROR:process_memory_win.cc(73)] ReadMemory at 0x27fde3af2d8 of 512 bytes failed: Only part of a ReadProcessMemory or WriteProcessMemory request was completed. (0x12B)
[0224/202821.086:ERROR:process_memory_win.cc(73)] ReadMemory at 0x27fde3afc68 of 512 bytes failed: Only part of a ReadProcessMemory or WriteProcessMemory request was completed. (0x12B)
[0224/202821.086:ERROR:process_memory_win.cc(73)] ReadMemory at 0x27fde3b0cb8 of 512 bytes failed: Only part of a ReadProcessMemory or WriteProcessMemory request was completed. (0x12B)
[0224/202821.086:ERROR:process_memory_win.cc(73)] ReadMemory at 0x27fde3f7a20 of 512 bytes failed: Only part of a ReadProcessMemory or WriteProcessMemory request was completed. (0x12B)
[0224/202821.086:ERROR:process_memory_win.cc(73)] ReadMemory at 0x27fde41bae0 of 512 bytes failed: Only part of a ReadProcessMemory or WriteProcessMemory request was completed. (0x12B)
[0224/202821.086:ERROR:process_memory_win.cc(73)] ReadMemory at 0x27fe0449410 of 528 bytes failed: Only part of a ReadProcessMemory or WriteProcessMemory request was completed. (0x12B)
[0224/202821.086:ERROR:process_memory_win.cc(73)] ReadMemory at 0x27fe1635a30 of 512 bytes failed: Only part of a ReadProcessMemory or WriteProcessMemory request was completed. (0x12B)
[0224/202821.086:ERROR:process_memory_win.cc(73)] ReadMemory at 0x27fe1690070 of 512 bytes failed: Only part of a ReadProcessMemory or WriteProcessMemory request was completed. (0x12B)
[0224/202821.086:ERROR:process_memory_win.cc(73)] ReadMemory at 0x27fe231b720 of 512 bytes failed: Only part of a ReadProcessMemory or WriteProcessMemory request was completed. (0x12B)
[0224/202821.086:ERROR:process_memory_win.cc(73)] ReadMemory at 0x27fe23328c0 of 512 bytes failed: Only part of a ReadProcessMemory or WriteProcessMemory request was completed. (0x12B)
[0224/202821.086:ERROR:process_memory_win.cc(73)] ReadMemory at 0x27fe254b3e0 of 512 bytes failed: Only part of a ReadProcessMemory or WriteProcessMemory request was completed. (0x12B)
[0224/202821.086:ERROR:process_memory_win.cc(73)] ReadMemory at 0x27fe254c208 of 512 bytes failed: Only part of a ReadProcessMemory or WriteProcessMemory request was completed. (0x12B)
[0224/202821.086:ERROR:process_memory_win.cc(73)] ReadMemory at 0x27fe8347118 of 512 bytes failed: Only part of a ReadProcessMemory or WriteProcessMemory request was completed. (0x12B)
[0224/202821.086:ERROR:process_memory_win.cc(73)] ReadMemory at 0x27fe884b1b0 of 512 bytes failed: Only part of a ReadProcessMemory or WriteProcessMemory request was completed. (0x12B)
[0224/202821.086:ERROR:process_memory_win.cc(73)] ReadMemory at 0x301b16d8a140 of 896 bytes failed: Only part of a ReadProcessMemory or WriteProcessMemory request was completed. (0x12B)
[0224/202821.086:ERROR:process_memory_win.cc(73)] ReadMemory at 0x744e08040165 of 512 bytes failed: Only part of a ReadProcessMemory or WriteProcessMemory request was completed. (0x12B)
[0224/202821.087:ERROR:process_memory_win.cc(73)] ReadMemory at 0x744e080404c9 of 512 bytes failed: Only part of a ReadProcessMemory or WriteProcessMemory request was completed. (0x12B)
[0224/202821.087:ERROR:process_memory_win.cc(73)] ReadMemory at 0x744e0ad2ead1 of 512 bytes failed: Only part of a ReadProcessMemory or WriteProcessMemory request was completed. (0x12B)
[0224/202821.087:ERROR:process_memory_win.cc(73)] ReadMemory at 0x79de1f8922b0 of 512 bytes failed: Only part of a ReadProcessMemory or WriteProcessMemory request was completed. (0x12B)
[0224/202821.087:ERROR:process_memory_win.cc(73)] ReadMemory at 0x7ffb405911d6 of 512 bytes failed: Only part of a ReadProcessMemory or WriteProcessMemory request was completed. (0x12B)
[0224/202821.087:ERROR:process_memory_win.cc(73)] ReadMemory at 0x7ffb44c5b420 of 512 bytes failed: Only part of a ReadProcessMemory or WriteProcessMemory request was completed. (0x12B)
[0224/202821.087:ERROR:process_memory_win.cc(73)] ReadMemory at 0x7ffb457ce2f8 of 512 bytes failed: Only part of a ReadProcessMemory or WriteProcessMemory request was completed. (0x12B)
[0224/202821.087:ERROR:process_memory_win.cc(73)] ReadMemory at 0x7ffba67ab6d0 of 512 bytes failed: Only part of a ReadProcessMemory or WriteProcessMemory request was completed. (0x12B)
[0224/202821.087:ERROR:process_memory_win.cc(73)] ReadMemory at 0x7ffba8d7c0c4 of 672 bytes failed: Only part of a ReadProcessMemory or WriteProcessMemory request was completed. (0x12B)
[0224/202821.087:ERROR:process_memory_win.cc(73)] ReadMemory at 0x7ffba8d7c6c4 of 512 bytes failed: Only part of a ReadProcessMemory or WriteProcessMemory request was completed. (0x12B)
[0224/202821.087:ERROR:process_memory_win.cc(73)] ReadMemory at 0x7ffba8d7f974 of 608 bytes failed: Only part of a ReadProcessMemory or WriteProcessMemory request was completed. (0x12B)
[0224/202821.087:ERROR:process_memory_win.cc(73)] ReadMemory at 0x7ffba8e0c428 of 18 bytes failed: Only part of a ReadProcessMemory or WriteProcessMemory request was completed. (0x12B)
[0224/202821.087:ERROR:process_memory_win.cc(73)] ReadMemory at 0x7ffba8e3f4f8 of 40 bytes failed: Only part of a ReadProcessMemory or WriteProcessMemory request was completed. (0x12B)
[0224/202821.087:ERROR:process_memory_win.cc(73)] ReadMemory at 0x7ffba8e3f978 of 48 bytes failed: Only part of a ReadProcessMemory or WriteProcessMemory request was completed. (0x12B)
[0224/202821.087:ERROR:process_memory_win.cc(73)] ReadMemory at 0x7ffba8e453c0 of 64 bytes failed: Only part of a ReadProcessMemory or WriteProcessMemory request was completed. (0x12B)
[0224/202821.088:ERROR:scoped_process_suspend.cc(40)] NtResumeProcess: An attempt was made to access an exiting process. (0xc000010a)
